27-06-2016 01:03:00,410; [main]; INFO ; org.hibernate.jpa.internal.util.LogHelper;  - HHH000204: Processing PersistenceUnitInfo [
	name: dpjMysqlPU
	...]
27-06-2016 01:03:00,507; [main]; INFO ; org.hibernate.Version;  - HHH000412: Hibernate Core {5.1.0.Final}
27-06-2016 01:03:00,509; [main]; INFO ; org.hibernate.cfg.Environment;  - HHH000206: hibernate.properties not found
27-06-2016 01:03:00,511; [main]; INFO ; org.hibernate.cfg.Environment;  - HHH000021: Bytecode provider name : javassist
27-06-2016 01:03:00,573; [main]; INFO ; org.hibernate.annotations.common.Version;  - HCANN000001: Hibernate Commons Annotations {5.0.1.Final}
27-06-2016 01:03:01,026; [main]; WARN ; org.hibernate.orm.connections;  - HHH10001002: Using Hibernate built-in connection pool (not for production use!)
27-06-2016 01:03:01,044; [main]; INFO ; org.hibernate.orm.connections;  - HHH10001005: using driver [com.mysql.jdbc.Driver] at URL [jdbc:mysql://localhost:3306/db_models_dpj]
27-06-2016 01:03:01,044; [main]; INFO ; org.hibernate.orm.connections;  - HHH10001001: Connection properties: {user=jkavdev, password=****}
27-06-2016 01:03:01,044; [main]; INFO ; org.hibernate.orm.connections;  - HHH10001003: Autocommit mode: false
27-06-2016 01:03:01,048; [main]; INFO ; org.hibernate.engine.jdbc.connections.internal.DriverManagerConnectionProviderImpl;  - HHH000115: Hibernate connection pool size: 20 (min=1)
27-06-2016 01:03:01,473; [main]; INFO ; org.hibernate.dialect.Dialect;  - HHH000400: Using dialect: org.hibernate.dialect.MySQL5InnoDBDialect
27-06-2016 01:03:02,625; [main]; WARN ; org.hibernate.tool.schema.internal.ExceptionHandlerLoggedImpl;  - GenerationTarget encountered exception accepting command : Unable to execute command [alter table declaracoes drop foreign key FKfjo1y9ps6bi0jhquxoticpe1c]
org.hibernate.tool.schema.spi.CommandAcceptanceException: Unable to execute command [alter table declaracoes drop foreign key FKfjo1y9ps6bi0jhquxoticpe1c]
	at org.hibernate.tool.schema.internal.exec.GenerationTargetToDatabase.accept(GenerationTargetToDatabase.java:63)
	at org.hibernate.tool.schema.internal.SchemaDropperImpl.applySqlString(SchemaDropperImpl.java:370)
	at org.hibernate.tool.schema.internal.SchemaDropperImpl.applySqlStrings(SchemaDropperImpl.java:355)
	at org.hibernate.tool.schema.internal.SchemaDropperImpl.applyConstraintDropping(SchemaDropperImpl.java:327)
	at org.hibernate.tool.schema.internal.SchemaDropperImpl.dropFromMetadata(SchemaDropperImpl.java:229)
	at org.hibernate.tool.schema.internal.SchemaDropperImpl.performDrop(SchemaDropperImpl.java:153)
	at org.hibernate.tool.schema.internal.SchemaDropperImpl.doDrop(SchemaDropperImpl.java:125)
	at org.hibernate.tool.schema.internal.SchemaDropperImpl.doDrop(SchemaDropperImpl.java:111)
	at org.hibernate.tool.schema.spi.SchemaManagementToolCoordinator.performDatabaseAction(SchemaManagementToolCoordinator.java:137)
	at org.hibernate.tool.schema.spi.SchemaManagementToolCoordinator.process(SchemaManagementToolCoordinator.java:64)
	at org.hibernate.internal.SessionFactoryImpl.<init>(SessionFactoryImpl.java:458)
	at org.hibernate.boot.internal.SessionFactoryBuilderImpl.build(SessionFactoryBuilderImpl.java:465)
	at org.hibernate.jpa.boot.internal.EntityManagerFactoryBuilderImpl.build(EntityManagerFactoryBuilderImpl.java:881)
	at org.hibernate.jpa.HibernatePersistenceProvider.createEntityManagerFactory(HibernatePersistenceProvider.java:58)
	at javax.persistence.Persistence.createEntityManagerFactory(Persistence.java:55)
	at javax.persistence.Persistence.createEntityManagerFactory(Persistence.java:39)
	at br.com.jkavdev.models.dpj.util.jpa.JpaUtil.geEntityManager(JpaUtil.java:19)
	at br.com.jkavdev.models.dpj.dao.jpa.JpaGenericDao.<init>(JpaGenericDao.java:17)
	at br.com.jkavdev.models.dpj.dao.jpa.JpaDelegaciaDao.<init>(JpaDelegaciaDao.java:8)
	at br.com.jkavdev.models.dpj.dao.InsertTest.setUp(InsertTest.java:28)
	at sun.reflect.NativeMethodAccessorImpl.invoke0(Native Method)
	at sun.reflect.NativeMethodAccessorImpl.invoke(Unknown Source)
	at sun.reflect.DelegatingMethodAccessorImpl.invoke(Unknown Source)
	at java.lang.reflect.Method.invoke(Unknown Source)
	at org.junit.runners.model.FrameworkMethod$1.runReflectiveCall(FrameworkMethod.java:50)
	at org.junit.internal.runners.model.ReflectiveCallable.run(ReflectiveCallable.java:12)
	at org.junit.runners.model.FrameworkMethod.invokeExplosively(FrameworkMethod.java:47)
	at org.junit.internal.runners.statements.RunBefores.evaluate(RunBefores.java:24)
	at org.junit.internal.runners.statements.RunAfters.evaluate(RunAfters.java:27)
	at org.junit.runners.ParentRunner.runLeaf(ParentRunner.java:325)
	at org.junit.runners.BlockJUnit4ClassRunner.runChild(BlockJUnit4ClassRunner.java:78)
	at org.junit.runners.BlockJUnit4ClassRunner.runChild(BlockJUnit4ClassRunner.java:57)
	at org.junit.runners.ParentRunner$3.run(ParentRunner.java:290)
	at org.junit.runners.ParentRunner$1.schedule(ParentRunner.java:71)
	at org.junit.runners.ParentRunner.runChildren(ParentRunner.java:288)
	at org.junit.runners.ParentRunner.access$000(ParentRunner.java:58)
	at org.junit.runners.ParentRunner$2.evaluate(ParentRunner.java:268)
	at org.junit.runners.ParentRunner.run(ParentRunner.java:363)
	at org.eclipse.jdt.internal.junit4.runner.JUnit4TestReference.run(JUnit4TestReference.java:86)
	at org.eclipse.jdt.internal.junit.runner.TestExecution.run(TestExecution.java:38)
	at org.eclipse.jdt.internal.junit.runner.RemoteTestRunner.runTests(RemoteTestRunner.java:459)
	at org.eclipse.jdt.internal.junit.runner.RemoteTestRunner.runTests(RemoteTestRunner.java:675)
	at org.eclipse.jdt.internal.junit.runner.RemoteTestRunner.run(RemoteTestRunner.java:382)
	at org.eclipse.jdt.internal.junit.runner.RemoteTestRunner.main(RemoteTestRunner.java:192)
Caused by: com.mysql.jdbc.exceptions.jdbc4.MySQLSyntaxErrorException: Can't DROP 'FKfjo1y9ps6bi0jhquxoticpe1c'; check that column/key exists
	at sun.reflect.NativeConstructorAccessorImpl.newInstance0(Native Method)
	at sun.reflect.NativeConstructorAccessorImpl.newInstance(Unknown Source)
	at sun.reflect.DelegatingConstructorAccessorImpl.newInstance(Unknown Source)
	at java.lang.reflect.Constructor.newInstance(Unknown Source)
	at com.mysql.jdbc.Util.handleNewInstance(Util.java:404)
	at com.mysql.jdbc.Util.getInstance(Util.java:387)
	at com.mysql.jdbc.SQLError.createSQLException(SQLError.java:939)
	at com.mysql.jdbc.MysqlIO.checkErrorPacket(MysqlIO.java:3878)
	at com.mysql.jdbc.MysqlIO.checkErrorPacket(MysqlIO.java:3814)
	at com.mysql.jdbc.MysqlIO.sendCommand(MysqlIO.java:2478)
	at com.mysql.jdbc.MysqlIO.sqlQueryDirect(MysqlIO.java:2625)
	at com.mysql.jdbc.ConnectionImpl.execSQL(ConnectionImpl.java:2547)
	at com.mysql.jdbc.ConnectionImpl.execSQL(ConnectionImpl.java:2505)
	at com.mysql.jdbc.StatementImpl.executeInternal(StatementImpl.java:840)
	at com.mysql.jdbc.StatementImpl.execute(StatementImpl.java:740)
	at org.hibernate.tool.schema.internal.exec.GenerationTargetToDatabase.accept(GenerationTargetToDatabase.java:51)
	... 43 more
27-06-2016 01:03:02,697; [main]; WARN ; org.hibernate.tool.schema.internal.ExceptionHandlerLoggedImpl;  - GenerationTarget encountered exception accepting command : Unable to execute command [alter table declaracoes drop foreign key FKaco1tjo4nhji8vw9lyg23ybdk]
org.hibernate.tool.schema.spi.CommandAcceptanceException: Unable to execute command [alter table declaracoes drop foreign key FKaco1tjo4nhji8vw9lyg23ybdk]
	at org.hibernate.tool.schema.internal.exec.GenerationTargetToDatabase.accept(GenerationTargetToDatabase.java:63)
	at org.hibernate.tool.schema.internal.SchemaDropperImpl.applySqlString(SchemaDropperImpl.java:370)
	at org.hibernate.tool.schema.internal.SchemaDropperImpl.applySqlStrings(SchemaDropperImpl.java:355)
	at org.hibernate.tool.schema.internal.SchemaDropperImpl.applyConstraintDropping(SchemaDropperImpl.java:327)
	at org.hibernate.tool.schema.internal.SchemaDropperImpl.dropFromMetadata(SchemaDropperImpl.java:229)
	at org.hibernate.tool.schema.internal.SchemaDropperImpl.performDrop(SchemaDropperImpl.java:153)
	at org.hibernate.tool.schema.internal.SchemaDropperImpl.doDrop(SchemaDropperImpl.java:125)
	at org.hibernate.tool.schema.internal.SchemaDropperImpl.doDrop(SchemaDropperImpl.java:111)
	at org.hibernate.tool.schema.spi.SchemaManagementToolCoordinator.performDatabaseAction(SchemaManagementToolCoordinator.java:137)
	at org.hibernate.tool.schema.spi.SchemaManagementToolCoordinator.process(SchemaManagementToolCoordinator.java:64)
	at org.hibernate.internal.SessionFactoryImpl.<init>(SessionFactoryImpl.java:458)
	at org.hibernate.boot.internal.SessionFactoryBuilderImpl.build(SessionFactoryBuilderImpl.java:465)
	at org.hibernate.jpa.boot.internal.EntityManagerFactoryBuilderImpl.build(EntityManagerFactoryBuilderImpl.java:881)
	at org.hibernate.jpa.HibernatePersistenceProvider.createEntityManagerFactory(HibernatePersistenceProvider.java:58)
	at javax.persistence.Persistence.createEntityManagerFactory(Persistence.java:55)
	at javax.persistence.Persistence.createEntityManagerFactory(Persistence.java:39)
	at br.com.jkavdev.models.dpj.util.jpa.JpaUtil.geEntityManager(JpaUtil.java:19)
	at br.com.jkavdev.models.dpj.dao.jpa.JpaGenericDao.<init>(JpaGenericDao.java:17)
	at br.com.jkavdev.models.dpj.dao.jpa.JpaDelegaciaDao.<init>(JpaDelegaciaDao.java:8)
	at br.com.jkavdev.models.dpj.dao.InsertTest.setUp(InsertTest.java:28)
	at sun.reflect.NativeMethodAccessorImpl.invoke0(Native Method)
	at sun.reflect.NativeMethodAccessorImpl.invoke(Unknown Source)
	at sun.reflect.DelegatingMethodAccessorImpl.invoke(Unknown Source)
	at java.lang.reflect.Method.invoke(Unknown Source)
	at org.junit.runners.model.FrameworkMethod$1.runReflectiveCall(FrameworkMethod.java:50)
	at org.junit.internal.runners.model.ReflectiveCallable.run(ReflectiveCallable.java:12)
	at org.junit.runners.model.FrameworkMethod.invokeExplosively(FrameworkMethod.java:47)
	at org.junit.internal.runners.statements.RunBefores.evaluate(RunBefores.java:24)
	at org.junit.internal.runners.statements.RunAfters.evaluate(RunAfters.java:27)
	at org.junit.runners.ParentRunner.runLeaf(ParentRunner.java:325)
	at org.junit.runners.BlockJUnit4ClassRunner.runChild(BlockJUnit4ClassRunner.java:78)
	at org.junit.runners.BlockJUnit4ClassRunner.runChild(BlockJUnit4ClassRunner.java:57)
	at org.junit.runners.ParentRunner$3.run(ParentRunner.java:290)
	at org.junit.runners.ParentRunner$1.schedule(ParentRunner.java:71)
	at org.junit.runners.ParentRunner.runChildren(ParentRunner.java:288)
	at org.junit.runners.ParentRunner.access$000(ParentRunner.java:58)
	at org.junit.runners.ParentRunner$2.evaluate(ParentRunner.java:268)
	at org.junit.runners.ParentRunner.run(ParentRunner.java:363)
	at org.eclipse.jdt.internal.junit4.runner.JUnit4TestReference.run(JUnit4TestReference.java:86)
	at org.eclipse.jdt.internal.junit.runner.TestExecution.run(TestExecution.java:38)
	at org.eclipse.jdt.internal.junit.runner.RemoteTestRunner.runTests(RemoteTestRunner.java:459)
	at org.eclipse.jdt.internal.junit.runner.RemoteTestRunner.runTests(RemoteTestRunner.java:675)
	at org.eclipse.jdt.internal.junit.runner.RemoteTestRunner.run(RemoteTestRunner.java:382)
	at org.eclipse.jdt.internal.junit.runner.RemoteTestRunner.main(RemoteTestRunner.java:192)
Caused by: com.mysql.jdbc.exceptions.jdbc4.MySQLSyntaxErrorException: Can't DROP 'FKaco1tjo4nhji8vw9lyg23ybdk'; check that column/key exists
	at sun.reflect.NativeConstructorAccessorImpl.newInstance0(Native Method)
	at sun.reflect.NativeConstructorAccessorImpl.newInstance(Unknown Source)
	at sun.reflect.DelegatingConstructorAccessorImpl.newInstance(Unknown Source)
	at java.lang.reflect.Constructor.newInstance(Unknown Source)
	at com.mysql.jdbc.Util.handleNewInstance(Util.java:404)
	at com.mysql.jdbc.Util.getInstance(Util.java:387)
	at com.mysql.jdbc.SQLError.createSQLException(SQLError.java:939)
	at com.mysql.jdbc.MysqlIO.checkErrorPacket(MysqlIO.java:3878)
	at com.mysql.jdbc.MysqlIO.checkErrorPacket(MysqlIO.java:3814)
	at com.mysql.jdbc.MysqlIO.sendCommand(MysqlIO.java:2478)
	at com.mysql.jdbc.MysqlIO.sqlQueryDirect(MysqlIO.java:2625)
	at com.mysql.jdbc.ConnectionImpl.execSQL(ConnectionImpl.java:2547)
	at com.mysql.jdbc.ConnectionImpl.execSQL(ConnectionImpl.java:2505)
	at com.mysql.jdbc.StatementImpl.executeInternal(StatementImpl.java:840)
	at com.mysql.jdbc.StatementImpl.execute(StatementImpl.java:740)
	at org.hibernate.tool.schema.internal.exec.GenerationTargetToDatabase.accept(GenerationTargetToDatabase.java:51)
	... 43 more
27-06-2016 01:03:02,742; [main]; WARN ; org.hibernate.tool.schema.internal.ExceptionHandlerLoggedImpl;  - GenerationTarget encountered exception accepting command : Unable to execute command [alter table declaracoes drop foreign key FK7d91xxfyc2wdr7adl7jkv0ucg]
org.hibernate.tool.schema.spi.CommandAcceptanceException: Unable to execute command [alter table declaracoes drop foreign key FK7d91xxfyc2wdr7adl7jkv0ucg]
	at org.hibernate.tool.schema.internal.exec.GenerationTargetToDatabase.accept(GenerationTargetToDatabase.java:63)
	at org.hibernate.tool.schema.internal.SchemaDropperImpl.applySqlString(SchemaDropperImpl.java:370)
	at org.hibernate.tool.schema.internal.SchemaDropperImpl.applySqlStrings(SchemaDropperImpl.java:355)
	at org.hibernate.tool.schema.internal.SchemaDropperImpl.applyConstraintDropping(SchemaDropperImpl.java:327)
	at org.hibernate.tool.schema.internal.SchemaDropperImpl.dropFromMetadata(SchemaDropperImpl.java:229)
	at org.hibernate.tool.schema.internal.SchemaDropperImpl.performDrop(SchemaDropperImpl.java:153)
	at org.hibernate.tool.schema.internal.SchemaDropperImpl.doDrop(SchemaDropperImpl.java:125)
	at org.hibernate.tool.schema.internal.SchemaDropperImpl.doDrop(SchemaDropperImpl.java:111)
	at org.hibernate.tool.schema.spi.SchemaManagementToolCoordinator.performDatabaseAction(SchemaManagementToolCoordinator.java:137)
	at org.hibernate.tool.schema.spi.SchemaManagementToolCoordinator.process(SchemaManagementToolCoordinator.java:64)
	at org.hibernate.internal.SessionFactoryImpl.<init>(SessionFactoryImpl.java:458)
	at org.hibernate.boot.internal.SessionFactoryBuilderImpl.build(SessionFactoryBuilderImpl.java:465)
	at org.hibernate.jpa.boot.internal.EntityManagerFactoryBuilderImpl.build(EntityManagerFactoryBuilderImpl.java:881)
	at org.hibernate.jpa.HibernatePersistenceProvider.createEntityManagerFactory(HibernatePersistenceProvider.java:58)
	at javax.persistence.Persistence.createEntityManagerFactory(Persistence.java:55)
	at javax.persistence.Persistence.createEntityManagerFactory(Persistence.java:39)
	at br.com.jkavdev.models.dpj.util.jpa.JpaUtil.geEntityManager(JpaUtil.java:19)
	at br.com.jkavdev.models.dpj.dao.jpa.JpaGenericDao.<init>(JpaGenericDao.java:17)
	at br.com.jkavdev.models.dpj.dao.jpa.JpaDelegaciaDao.<init>(JpaDelegaciaDao.java:8)
	at br.com.jkavdev.models.dpj.dao.InsertTest.setUp(InsertTest.java:28)
	at sun.reflect.NativeMethodAccessorImpl.invoke0(Native Method)
	at sun.reflect.NativeMethodAccessorImpl.invoke(Unknown Source)
	at sun.reflect.DelegatingMethodAccessorImpl.invoke(Unknown Source)
	at java.lang.reflect.Method.invoke(Unknown Source)
	at org.junit.runners.model.FrameworkMethod$1.runReflectiveCall(FrameworkMethod.java:50)
	at org.junit.internal.runners.model.ReflectiveCallable.run(ReflectiveCallable.java:12)
	at org.junit.runners.model.FrameworkMethod.invokeExplosively(FrameworkMethod.java:47)
	at org.junit.internal.runners.statements.RunBefores.evaluate(RunBefores.java:24)
	at org.junit.internal.runners.statements.RunAfters.evaluate(RunAfters.java:27)
	at org.junit.runners.ParentRunner.runLeaf(ParentRunner.java:325)
	at org.junit.runners.BlockJUnit4ClassRunner.runChild(BlockJUnit4ClassRunner.java:78)
	at org.junit.runners.BlockJUnit4ClassRunner.runChild(BlockJUnit4ClassRunner.java:57)
	at org.junit.runners.ParentRunner$3.run(ParentRunner.java:290)
	at org.junit.runners.ParentRunner$1.schedule(ParentRunner.java:71)
	at org.junit.runners.ParentRunner.runChildren(ParentRunner.java:288)
	at org.junit.runners.ParentRunner.access$000(ParentRunner.java:58)
	at org.junit.runners.ParentRunner$2.evaluate(ParentRunner.java:268)
	at org.junit.runners.ParentRunner.run(ParentRunner.java:363)
	at org.eclipse.jdt.internal.junit4.runner.JUnit4TestReference.run(JUnit4TestReference.java:86)
	at org.eclipse.jdt.internal.junit.runner.TestExecution.run(TestExecution.java:38)
	at org.eclipse.jdt.internal.junit.runner.RemoteTestRunner.runTests(RemoteTestRunner.java:459)
	at org.eclipse.jdt.internal.junit.runner.RemoteTestRunner.runTests(RemoteTestRunner.java:675)
	at org.eclipse.jdt.internal.junit.runner.RemoteTestRunner.run(RemoteTestRunner.java:382)
	at org.eclipse.jdt.internal.junit.runner.RemoteTestRunner.main(RemoteTestRunner.java:192)
Caused by: com.mysql.jdbc.exceptions.jdbc4.MySQLSyntaxErrorException: Can't DROP 'FK7d91xxfyc2wdr7adl7jkv0ucg'; check that column/key exists
	at sun.reflect.NativeConstructorAccessorImpl.newInstance0(Native Method)
	at sun.reflect.NativeConstructorAccessorImpl.newInstance(Unknown Source)
	at sun.reflect.DelegatingConstructorAccessorImpl.newInstance(Unknown Source)
	at java.lang.reflect.Constructor.newInstance(Unknown Source)
	at com.mysql.jdbc.Util.handleNewInstance(Util.java:404)
	at com.mysql.jdbc.Util.getInstance(Util.java:387)
	at com.mysql.jdbc.SQLError.createSQLException(SQLError.java:939)
	at com.mysql.jdbc.MysqlIO.checkErrorPacket(MysqlIO.java:3878)
	at com.mysql.jdbc.MysqlIO.checkErrorPacket(MysqlIO.java:3814)
	at com.mysql.jdbc.MysqlIO.sendCommand(MysqlIO.java:2478)
	at com.mysql.jdbc.MysqlIO.sqlQueryDirect(MysqlIO.java:2625)
	at com.mysql.jdbc.ConnectionImpl.execSQL(ConnectionImpl.java:2547)
	at com.mysql.jdbc.ConnectionImpl.execSQL(ConnectionImpl.java:2505)
	at com.mysql.jdbc.StatementImpl.executeInternal(StatementImpl.java:840)
	at com.mysql.jdbc.StatementImpl.execute(StatementImpl.java:740)
	at org.hibernate.tool.schema.internal.exec.GenerationTargetToDatabase.accept(GenerationTargetToDatabase.java:51)
	... 43 more
27-06-2016 01:03:02,804; [main]; WARN ; org.hibernate.tool.schema.internal.ExceptionHandlerLoggedImpl;  - GenerationTarget encountered exception accepting command : Unable to execute command [alter table declaracoes drop foreign key FKe1h9838rf22d1j9ykjycne0hu]
org.hibernate.tool.schema.spi.CommandAcceptanceException: Unable to execute command [alter table declaracoes drop foreign key FKe1h9838rf22d1j9ykjycne0hu]
	at org.hibernate.tool.schema.internal.exec.GenerationTargetToDatabase.accept(GenerationTargetToDatabase.java:63)
	at org.hibernate.tool.schema.internal.SchemaDropperImpl.applySqlString(SchemaDropperImpl.java:370)
	at org.hibernate.tool.schema.internal.SchemaDropperImpl.applySqlStrings(SchemaDropperImpl.java:355)
	at org.hibernate.tool.schema.internal.SchemaDropperImpl.applyConstraintDropping(SchemaDropperImpl.java:327)
	at org.hibernate.tool.schema.internal.SchemaDropperImpl.dropFromMetadata(SchemaDropperImpl.java:229)
	at org.hibernate.tool.schema.internal.SchemaDropperImpl.performDrop(SchemaDropperImpl.java:153)
	at org.hibernate.tool.schema.internal.SchemaDropperImpl.doDrop(SchemaDropperImpl.java:125)
	at org.hibernate.tool.schema.internal.SchemaDropperImpl.doDrop(SchemaDropperImpl.java:111)
	at org.hibernate.tool.schema.spi.SchemaManagementToolCoordinator.performDatabaseAction(SchemaManagementToolCoordinator.java:137)
	at org.hibernate.tool.schema.spi.SchemaManagementToolCoordinator.process(SchemaManagementToolCoordinator.java:64)
	at org.hibernate.internal.SessionFactoryImpl.<init>(SessionFactoryImpl.java:458)
	at org.hibernate.boot.internal.SessionFactoryBuilderImpl.build(SessionFactoryBuilderImpl.java:465)
	at org.hibernate.jpa.boot.internal.EntityManagerFactoryBuilderImpl.build(EntityManagerFactoryBuilderImpl.java:881)
	at org.hibernate.jpa.HibernatePersistenceProvider.createEntityManagerFactory(HibernatePersistenceProvider.java:58)
	at javax.persistence.Persistence.createEntityManagerFactory(Persistence.java:55)
	at javax.persistence.Persistence.createEntityManagerFactory(Persistence.java:39)
	at br.com.jkavdev.models.dpj.util.jpa.JpaUtil.geEntityManager(JpaUtil.java:19)
	at br.com.jkavdev.models.dpj.dao.jpa.JpaGenericDao.<init>(JpaGenericDao.java:17)
	at br.com.jkavdev.models.dpj.dao.jpa.JpaDelegaciaDao.<init>(JpaDelegaciaDao.java:8)
	at br.com.jkavdev.models.dpj.dao.InsertTest.setUp(InsertTest.java:28)
	at sun.reflect.NativeMethodAccessorImpl.invoke0(Native Method)
	at sun.reflect.NativeMethodAccessorImpl.invoke(Unknown Source)
	at sun.reflect.DelegatingMethodAccessorImpl.invoke(Unknown Source)
	at java.lang.reflect.Method.invoke(Unknown Source)
	at org.junit.runners.model.FrameworkMethod$1.runReflectiveCall(FrameworkMethod.java:50)
	at org.junit.internal.runners.model.ReflectiveCallable.run(ReflectiveCallable.java:12)
	at org.junit.runners.model.FrameworkMethod.invokeExplosively(FrameworkMethod.java:47)
	at org.junit.internal.runners.statements.RunBefores.evaluate(RunBefores.java:24)
	at org.junit.internal.runners.statements.RunAfters.evaluate(RunAfters.java:27)
	at org.junit.runners.ParentRunner.runLeaf(ParentRunner.java:325)
	at org.junit.runners.BlockJUnit4ClassRunner.runChild(BlockJUnit4ClassRunner.java:78)
	at org.junit.runners.BlockJUnit4ClassRunner.runChild(BlockJUnit4ClassRunner.java:57)
	at org.junit.runners.ParentRunner$3.run(ParentRunner.java:290)
	at org.junit.runners.ParentRunner$1.schedule(ParentRunner.java:71)
	at org.junit.runners.ParentRunner.runChildren(ParentRunner.java:288)
	at org.junit.runners.ParentRunner.access$000(ParentRunner.java:58)
	at org.junit.runners.ParentRunner$2.evaluate(ParentRunner.java:268)
	at org.junit.runners.ParentRunner.run(ParentRunner.java:363)
	at org.eclipse.jdt.internal.junit4.runner.JUnit4TestReference.run(JUnit4TestReference.java:86)
	at org.eclipse.jdt.internal.junit.runner.TestExecution.run(TestExecution.java:38)
	at org.eclipse.jdt.internal.junit.runner.RemoteTestRunner.runTests(RemoteTestRunner.java:459)
	at org.eclipse.jdt.internal.junit.runner.RemoteTestRunner.runTests(RemoteTestRunner.java:675)
	at org.eclipse.jdt.internal.junit.runner.RemoteTestRunner.run(RemoteTestRunner.java:382)
	at org.eclipse.jdt.internal.junit.runner.RemoteTestRunner.main(RemoteTestRunner.java:192)
Caused by: com.mysql.jdbc.exceptions.jdbc4.MySQLSyntaxErrorException: Can't DROP 'FKe1h9838rf22d1j9ykjycne0hu'; check that column/key exists
	at sun.reflect.NativeConstructorAccessorImpl.newInstance0(Native Method)
	at sun.reflect.NativeConstructorAccessorImpl.newInstance(Unknown Source)
	at sun.reflect.DelegatingConstructorAccessorImpl.newInstance(Unknown Source)
	at java.lang.reflect.Constructor.newInstance(Unknown Source)
	at com.mysql.jdbc.Util.handleNewInstance(Util.java:404)
	at com.mysql.jdbc.Util.getInstance(Util.java:387)
	at com.mysql.jdbc.SQLError.createSQLException(SQLError.java:939)
	at com.mysql.jdbc.MysqlIO.checkErrorPacket(MysqlIO.java:3878)
	at com.mysql.jdbc.MysqlIO.checkErrorPacket(MysqlIO.java:3814)
	at com.mysql.jdbc.MysqlIO.sendCommand(MysqlIO.java:2478)
	at com.mysql.jdbc.MysqlIO.sqlQueryDirect(MysqlIO.java:2625)
	at com.mysql.jdbc.ConnectionImpl.execSQL(ConnectionImpl.java:2547)
	at com.mysql.jdbc.ConnectionImpl.execSQL(ConnectionImpl.java:2505)
	at com.mysql.jdbc.StatementImpl.executeInternal(StatementImpl.java:840)
	at com.mysql.jdbc.StatementImpl.execute(StatementImpl.java:740)
	at org.hibernate.tool.schema.internal.exec.GenerationTargetToDatabase.accept(GenerationTargetToDatabase.java:51)
	... 43 more
27-06-2016 01:03:02,845; [main]; WARN ; org.hibernate.tool.schema.internal.ExceptionHandlerLoggedImpl;  - GenerationTarget encountered exception accepting command : Unable to execute command [alter table declaracoes drop foreign key FK1j3ylvh8g9fltq3yqso0gq1h8]
org.hibernate.tool.schema.spi.CommandAcceptanceException: Unable to execute command [alter table declaracoes drop foreign key FK1j3ylvh8g9fltq3yqso0gq1h8]
	at org.hibernate.tool.schema.internal.exec.GenerationTargetToDatabase.accept(GenerationTargetToDatabase.java:63)
	at org.hibernate.tool.schema.internal.SchemaDropperImpl.applySqlString(SchemaDropperImpl.java:370)
	at org.hibernate.tool.schema.internal.SchemaDropperImpl.applySqlStrings(SchemaDropperImpl.java:355)
	at org.hibernate.tool.schema.internal.SchemaDropperImpl.applyConstraintDropping(SchemaDropperImpl.java:327)
	at org.hibernate.tool.schema.internal.SchemaDropperImpl.dropFromMetadata(SchemaDropperImpl.java:229)
	at org.hibernate.tool.schema.internal.SchemaDropperImpl.performDrop(SchemaDropperImpl.java:153)
	at org.hibernate.tool.schema.internal.SchemaDropperImpl.doDrop(SchemaDropperImpl.java:125)
	at org.hibernate.tool.schema.internal.SchemaDropperImpl.doDrop(SchemaDropperImpl.java:111)
	at org.hibernate.tool.schema.spi.SchemaManagementToolCoordinator.performDatabaseAction(SchemaManagementToolCoordinator.java:137)
	at org.hibernate.tool.schema.spi.SchemaManagementToolCoordinator.process(SchemaManagementToolCoordinator.java:64)
	at org.hibernate.internal.SessionFactoryImpl.<init>(SessionFactoryImpl.java:458)
	at org.hibernate.boot.internal.SessionFactoryBuilderImpl.build(SessionFactoryBuilderImpl.java:465)
	at org.hibernate.jpa.boot.internal.EntityManagerFactoryBuilderImpl.build(EntityManagerFactoryBuilderImpl.java:881)
	at org.hibernate.jpa.HibernatePersistenceProvider.createEntityManagerFactory(HibernatePersistenceProvider.java:58)
	at javax.persistence.Persistence.createEntityManagerFactory(Persistence.java:55)
	at javax.persistence.Persistence.createEntityManagerFactory(Persistence.java:39)
	at br.com.jkavdev.models.dpj.util.jpa.JpaUtil.geEntityManager(JpaUtil.java:19)
	at br.com.jkavdev.models.dpj.dao.jpa.JpaGenericDao.<init>(JpaGenericDao.java:17)
	at br.com.jkavdev.models.dpj.dao.jpa.JpaDelegaciaDao.<init>(JpaDelegaciaDao.java:8)
	at br.com.jkavdev.models.dpj.dao.InsertTest.setUp(InsertTest.java:28)
	at sun.reflect.NativeMethodAccessorImpl.invoke0(Native Method)
	at sun.reflect.NativeMethodAccessorImpl.invoke(Unknown Source)
	at sun.reflect.DelegatingMethodAccessorImpl.invoke(Unknown Source)
	at java.lang.reflect.Method.invoke(Unknown Source)
	at org.junit.runners.model.FrameworkMethod$1.runReflectiveCall(FrameworkMethod.java:50)
	at org.junit.internal.runners.model.ReflectiveCallable.run(ReflectiveCallable.java:12)
	at org.junit.runners.model.FrameworkMethod.invokeExplosively(FrameworkMethod.java:47)
	at org.junit.internal.runners.statements.RunBefores.evaluate(RunBefores.java:24)
	at org.junit.internal.runners.statements.RunAfters.evaluate(RunAfters.java:27)
	at org.junit.runners.ParentRunner.runLeaf(ParentRunner.java:325)
	at org.junit.runners.BlockJUnit4ClassRunner.runChild(BlockJUnit4ClassRunner.java:78)
	at org.junit.runners.BlockJUnit4ClassRunner.runChild(BlockJUnit4ClassRunner.java:57)
	at org.junit.runners.ParentRunner$3.run(ParentRunner.java:290)
	at org.junit.runners.ParentRunner$1.schedule(ParentRunner.java:71)
	at org.junit.runners.ParentRunner.runChildren(ParentRunner.java:288)
	at org.junit.runners.ParentRunner.access$000(ParentRunner.java:58)
	at org.junit.runners.ParentRunner$2.evaluate(ParentRunner.java:268)
	at org.junit.runners.ParentRunner.run(ParentRunner.java:363)
	at org.eclipse.jdt.internal.junit4.runner.JUnit4TestReference.run(JUnit4TestReference.java:86)
	at org.eclipse.jdt.internal.junit.runner.TestExecution.run(TestExecution.java:38)
	at org.eclipse.jdt.internal.junit.runner.RemoteTestRunner.runTests(RemoteTestRunner.java:459)
	at org.eclipse.jdt.internal.junit.runner.RemoteTestRunner.runTests(RemoteTestRunner.java:675)
	at org.eclipse.jdt.internal.junit.runner.RemoteTestRunner.run(RemoteTestRunner.java:382)
	at org.eclipse.jdt.internal.junit.runner.RemoteTestRunner.main(RemoteTestRunner.java:192)
Caused by: com.mysql.jdbc.exceptions.jdbc4.MySQLSyntaxErrorException: Can't DROP 'FK1j3ylvh8g9fltq3yqso0gq1h8'; check that column/key exists
	at sun.reflect.NativeConstructorAccessorImpl.newInstance0(Native Method)
	at sun.reflect.NativeConstructorAccessorImpl.newInstance(Unknown Source)
	at sun.reflect.DelegatingConstructorAccessorImpl.newInstance(Unknown Source)
	at java.lang.reflect.Constructor.newInstance(Unknown Source)
	at com.mysql.jdbc.Util.handleNewInstance(Util.java:404)
	at com.mysql.jdbc.Util.getInstance(Util.java:387)
	at com.mysql.jdbc.SQLError.createSQLException(SQLError.java:939)
	at com.mysql.jdbc.MysqlIO.checkErrorPacket(MysqlIO.java:3878)
	at com.mysql.jdbc.MysqlIO.checkErrorPacket(MysqlIO.java:3814)
	at com.mysql.jdbc.MysqlIO.sendCommand(MysqlIO.java:2478)
	at com.mysql.jdbc.MysqlIO.sqlQueryDirect(MysqlIO.java:2625)
	at com.mysql.jdbc.ConnectionImpl.execSQL(ConnectionImpl.java:2547)
	at com.mysql.jdbc.ConnectionImpl.execSQL(ConnectionImpl.java:2505)
	at com.mysql.jdbc.StatementImpl.executeInternal(StatementImpl.java:840)
	at com.mysql.jdbc.StatementImpl.execute(StatementImpl.java:740)
	at org.hibernate.tool.schema.internal.exec.GenerationTargetToDatabase.accept(GenerationTargetToDatabase.java:51)
	... 43 more
27-06-2016 01:03:02,885; [main]; WARN ; org.hibernate.tool.schema.internal.ExceptionHandlerLoggedImpl;  - GenerationTarget encountered exception accepting command : Unable to execute command [alter table declaracoes drop foreign key FKbnbaqv5gvbsj0hyk0la2iu067]
org.hibernate.tool.schema.spi.CommandAcceptanceException: Unable to execute command [alter table declaracoes drop foreign key FKbnbaqv5gvbsj0hyk0la2iu067]
	at org.hibernate.tool.schema.internal.exec.GenerationTargetToDatabase.accept(GenerationTargetToDatabase.java:63)
	at org.hibernate.tool.schema.internal.SchemaDropperImpl.applySqlString(SchemaDropperImpl.java:370)
	at org.hibernate.tool.schema.internal.SchemaDropperImpl.applySqlStrings(SchemaDropperImpl.java:355)
	at org.hibernate.tool.schema.internal.SchemaDropperImpl.applyConstraintDropping(SchemaDropperImpl.java:327)
	at org.hibernate.tool.schema.internal.SchemaDropperImpl.dropFromMetadata(SchemaDropperImpl.java:229)
	at org.hibernate.tool.schema.internal.SchemaDropperImpl.performDrop(SchemaDropperImpl.java:153)
	at org.hibernate.tool.schema.internal.SchemaDropperImpl.doDrop(SchemaDropperImpl.java:125)
	at org.hibernate.tool.schema.internal.SchemaDropperImpl.doDrop(SchemaDropperImpl.java:111)
	at org.hibernate.tool.schema.spi.SchemaManagementToolCoordinator.performDatabaseAction(SchemaManagementToolCoordinator.java:137)
	at org.hibernate.tool.schema.spi.SchemaManagementToolCoordinator.process(SchemaManagementToolCoordinator.java:64)
	at org.hibernate.internal.SessionFactoryImpl.<init>(SessionFactoryImpl.java:458)
	at org.hibernate.boot.internal.SessionFactoryBuilderImpl.build(SessionFactoryBuilderImpl.java:465)
	at org.hibernate.jpa.boot.internal.EntityManagerFactoryBuilderImpl.build(EntityManagerFactoryBuilderImpl.java:881)
	at org.hibernate.jpa.HibernatePersistenceProvider.createEntityManagerFactory(HibernatePersistenceProvider.java:58)
	at javax.persistence.Persistence.createEntityManagerFactory(Persistence.java:55)
	at javax.persistence.Persistence.createEntityManagerFactory(Persistence.java:39)
	at br.com.jkavdev.models.dpj.util.jpa.JpaUtil.geEntityManager(JpaUtil.java:19)
	at br.com.jkavdev.models.dpj.dao.jpa.JpaGenericDao.<init>(JpaGenericDao.java:17)
	at br.com.jkavdev.models.dpj.dao.jpa.JpaDelegaciaDao.<init>(JpaDelegaciaDao.java:8)
	at br.com.jkavdev.models.dpj.dao.InsertTest.setUp(InsertTest.java:28)
	at sun.reflect.NativeMethodAccessorImpl.invoke0(Native Method)
	at sun.reflect.NativeMethodAccessorImpl.invoke(Unknown Source)
	at sun.reflect.DelegatingMethodAccessorImpl.invoke(Unknown Source)
	at java.lang.reflect.Method.invoke(Unknown Source)
	at org.junit.runners.model.FrameworkMethod$1.runReflectiveCall(FrameworkMethod.java:50)
	at org.junit.internal.runners.model.ReflectiveCallable.run(ReflectiveCallable.java:12)
	at org.junit.runners.model.FrameworkMethod.invokeExplosively(FrameworkMethod.java:47)
	at org.junit.internal.runners.statements.RunBefores.evaluate(RunBefores.java:24)
	at org.junit.internal.runners.statements.RunAfters.evaluate(RunAfters.java:27)
	at org.junit.runners.ParentRunner.runLeaf(ParentRunner.java:325)
	at org.junit.runners.BlockJUnit4ClassRunner.runChild(BlockJUnit4ClassRunner.java:78)
	at org.junit.runners.BlockJUnit4ClassRunner.runChild(BlockJUnit4ClassRunner.java:57)
	at org.junit.runners.ParentRunner$3.run(ParentRunner.java:290)
	at org.junit.runners.ParentRunner$1.schedule(ParentRunner.java:71)
	at org.junit.runners.ParentRunner.runChildren(ParentRunner.java:288)
	at org.junit.runners.ParentRunner.access$000(ParentRunner.java:58)
	at org.junit.runners.ParentRunner$2.evaluate(ParentRunner.java:268)
	at org.junit.runners.ParentRunner.run(ParentRunner.java:363)
	at org.eclipse.jdt.internal.junit4.runner.JUnit4TestReference.run(JUnit4TestReference.java:86)
	at org.eclipse.jdt.internal.junit.runner.TestExecution.run(TestExecution.java:38)
	at org.eclipse.jdt.internal.junit.runner.RemoteTestRunner.runTests(RemoteTestRunner.java:459)
	at org.eclipse.jdt.internal.junit.runner.RemoteTestRunner.runTests(RemoteTestRunner.java:675)
	at org.eclipse.jdt.internal.junit.runner.RemoteTestRunner.run(RemoteTestRunner.java:382)
	at org.eclipse.jdt.internal.junit.runner.RemoteTestRunner.main(RemoteTestRunner.java:192)
Caused by: com.mysql.jdbc.exceptions.jdbc4.MySQLSyntaxErrorException: Can't DROP 'FKbnbaqv5gvbsj0hyk0la2iu067'; check that column/key exists
	at sun.reflect.NativeConstructorAccessorImpl.newInstance0(Native Method)
	at sun.reflect.NativeConstructorAccessorImpl.newInstance(Unknown Source)
	at sun.reflect.DelegatingConstructorAccessorImpl.newInstance(Unknown Source)
	at java.lang.reflect.Constructor.newInstance(Unknown Source)
	at com.mysql.jdbc.Util.handleNewInstance(Util.java:404)
	at com.mysql.jdbc.Util.getInstance(Util.java:387)
	at com.mysql.jdbc.SQLError.createSQLException(SQLError.java:939)
	at com.mysql.jdbc.MysqlIO.checkErrorPacket(MysqlIO.java:3878)
	at com.mysql.jdbc.MysqlIO.checkErrorPacket(MysqlIO.java:3814)
	at com.mysql.jdbc.MysqlIO.sendCommand(MysqlIO.java:2478)
	at com.mysql.jdbc.MysqlIO.sqlQueryDirect(MysqlIO.java:2625)
	at com.mysql.jdbc.ConnectionImpl.execSQL(ConnectionImpl.java:2547)
	at com.mysql.jdbc.ConnectionImpl.execSQL(ConnectionImpl.java:2505)
	at com.mysql.jdbc.StatementImpl.executeInternal(StatementImpl.java:840)
	at com.mysql.jdbc.StatementImpl.execute(StatementImpl.java:740)
	at org.hibernate.tool.schema.internal.exec.GenerationTargetToDatabase.accept(GenerationTargetToDatabase.java:51)
	... 43 more
27-06-2016 01:03:02,936; [main]; WARN ; org.hibernate.tool.schema.internal.ExceptionHandlerLoggedImpl;  - GenerationTarget encountered exception accepting command : Unable to execute command [alter table pessoa_telefones drop foreign key FKkjsmn4qlsdawevvrkq6vc42lw]
org.hibernate.tool.schema.spi.CommandAcceptanceException: Unable to execute command [alter table pessoa_telefones drop foreign key FKkjsmn4qlsdawevvrkq6vc42lw]
	at org.hibernate.tool.schema.internal.exec.GenerationTargetToDatabase.accept(GenerationTargetToDatabase.java:63)
	at org.hibernate.tool.schema.internal.SchemaDropperImpl.applySqlString(SchemaDropperImpl.java:370)
	at org.hibernate.tool.schema.internal.SchemaDropperImpl.applySqlStrings(SchemaDropperImpl.java:355)
	at org.hibernate.tool.schema.internal.SchemaDropperImpl.applyConstraintDropping(SchemaDropperImpl.java:327)
	at org.hibernate.tool.schema.internal.SchemaDropperImpl.dropFromMetadata(SchemaDropperImpl.java:229)
	at org.hibernate.tool.schema.internal.SchemaDropperImpl.performDrop(SchemaDropperImpl.java:153)
	at org.hibernate.tool.schema.internal.SchemaDropperImpl.doDrop(SchemaDropperImpl.java:125)
	at org.hibernate.tool.schema.internal.SchemaDropperImpl.doDrop(SchemaDropperImpl.java:111)
	at org.hibernate.tool.schema.spi.SchemaManagementToolCoordinator.performDatabaseAction(SchemaManagementToolCoordinator.java:137)
	at org.hibernate.tool.schema.spi.SchemaManagementToolCoordinator.process(SchemaManagementToolCoordinator.java:64)
	at org.hibernate.internal.SessionFactoryImpl.<init>(SessionFactoryImpl.java:458)
	at org.hibernate.boot.internal.SessionFactoryBuilderImpl.build(SessionFactoryBuilderImpl.java:465)
	at org.hibernate.jpa.boot.internal.EntityManagerFactoryBuilderImpl.build(EntityManagerFactoryBuilderImpl.java:881)
	at org.hibernate.jpa.HibernatePersistenceProvider.createEntityManagerFactory(HibernatePersistenceProvider.java:58)
	at javax.persistence.Persistence.createEntityManagerFactory(Persistence.java:55)
	at javax.persistence.Persistence.createEntityManagerFactory(Persistence.java:39)
	at br.com.jkavdev.models.dpj.util.jpa.JpaUtil.geEntityManager(JpaUtil.java:19)
	at br.com.jkavdev.models.dpj.dao.jpa.JpaGenericDao.<init>(JpaGenericDao.java:17)
	at br.com.jkavdev.models.dpj.dao.jpa.JpaDelegaciaDao.<init>(JpaDelegaciaDao.java:8)
	at br.com.jkavdev.models.dpj.dao.InsertTest.setUp(InsertTest.java:28)
	at sun.reflect.NativeMethodAccessorImpl.invoke0(Native Method)
	at sun.reflect.NativeMethodAccessorImpl.invoke(Unknown Source)
	at sun.reflect.DelegatingMethodAccessorImpl.invoke(Unknown Source)
	at java.lang.reflect.Method.invoke(Unknown Source)
	at org.junit.runners.model.FrameworkMethod$1.runReflectiveCall(FrameworkMethod.java:50)
	at org.junit.internal.runners.model.ReflectiveCallable.run(ReflectiveCallable.java:12)
	at org.junit.runners.model.FrameworkMethod.invokeExplosively(FrameworkMethod.java:47)
	at org.junit.internal.runners.statements.RunBefores.evaluate(RunBefores.java:24)
	at org.junit.internal.runners.statements.RunAfters.evaluate(RunAfters.java:27)
	at org.junit.runners.ParentRunner.runLeaf(ParentRunner.java:325)
	at org.junit.runners.BlockJUnit4ClassRunner.runChild(BlockJUnit4ClassRunner.java:78)
	at org.junit.runners.BlockJUnit4ClassRunner.runChild(BlockJUnit4ClassRunner.java:57)
	at org.junit.runners.ParentRunner$3.run(ParentRunner.java:290)
	at org.junit.runners.ParentRunner$1.schedule(ParentRunner.java:71)
	at org.junit.runners.ParentRunner.runChildren(ParentRunner.java:288)
	at org.junit.runners.ParentRunner.access$000(ParentRunner.java:58)
	at org.junit.runners.ParentRunner$2.evaluate(ParentRunner.java:268)
	at org.junit.runners.ParentRunner.run(ParentRunner.java:363)
	at org.eclipse.jdt.internal.junit4.runner.JUnit4TestReference.run(JUnit4TestReference.java:86)
	at org.eclipse.jdt.internal.junit.runner.TestExecution.run(TestExecution.java:38)
	at org.eclipse.jdt.internal.junit.runner.RemoteTestRunner.runTests(RemoteTestRunner.java:459)
	at org.eclipse.jdt.internal.junit.runner.RemoteTestRunner.runTests(RemoteTestRunner.java:675)
	at org.eclipse.jdt.internal.junit.runner.RemoteTestRunner.run(RemoteTestRunner.java:382)
	at org.eclipse.jdt.internal.junit.runner.RemoteTestRunner.main(RemoteTestRunner.java:192)
Caused by: com.mysql.jdbc.exceptions.jdbc4.MySQLSyntaxErrorException: Can't DROP 'FKkjsmn4qlsdawevvrkq6vc42lw'; check that column/key exists
	at sun.reflect.NativeConstructorAccessorImpl.newInstance0(Native Method)
	at sun.reflect.NativeConstructorAccessorImpl.newInstance(Unknown Source)
	at sun.reflect.DelegatingConstructorAccessorImpl.newInstance(Unknown Source)
	at java.lang.reflect.Constructor.newInstance(Unknown Source)
	at com.mysql.jdbc.Util.handleNewInstance(Util.java:404)
	at com.mysql.jdbc.Util.getInstance(Util.java:387)
	at com.mysql.jdbc.SQLError.createSQLException(SQLError.java:939)
	at com.mysql.jdbc.MysqlIO.checkErrorPacket(MysqlIO.java:3878)
	at com.mysql.jdbc.MysqlIO.checkErrorPacket(MysqlIO.java:3814)
	at com.mysql.jdbc.MysqlIO.sendCommand(MysqlIO.java:2478)
	at com.mysql.jdbc.MysqlIO.sqlQueryDirect(MysqlIO.java:2625)
	at com.mysql.jdbc.ConnectionImpl.execSQL(ConnectionImpl.java:2547)
	at com.mysql.jdbc.ConnectionImpl.execSQL(ConnectionImpl.java:2505)
	at com.mysql.jdbc.StatementImpl.executeInternal(StatementImpl.java:840)
	at com.mysql.jdbc.StatementImpl.execute(StatementImpl.java:740)
	at org.hibernate.tool.schema.internal.exec.GenerationTargetToDatabase.accept(GenerationTargetToDatabase.java:51)
	... 43 more
27-06-2016 01:03:03,037; [main]; WARN ; org.hibernate.tool.schema.internal.ExceptionHandlerLoggedImpl;  - GenerationTarget encountered exception accepting command : Unable to execute command [alter table pessoas drop foreign key FKn7owo9qcmjptp94elahi6ryr6]
org.hibernate.tool.schema.spi.CommandAcceptanceException: Unable to execute command [alter table pessoas drop foreign key FKn7owo9qcmjptp94elahi6ryr6]
	at org.hibernate.tool.schema.internal.exec.GenerationTargetToDatabase.accept(GenerationTargetToDatabase.java:63)
	at org.hibernate.tool.schema.internal.SchemaDropperImpl.applySqlString(SchemaDropperImpl.java:370)
	at org.hibernate.tool.schema.internal.SchemaDropperImpl.applySqlStrings(SchemaDropperImpl.java:355)
	at org.hibernate.tool.schema.internal.SchemaDropperImpl.applyConstraintDropping(SchemaDropperImpl.java:327)
	at org.hibernate.tool.schema.internal.SchemaDropperImpl.dropFromMetadata(SchemaDropperImpl.java:229)
	at org.hibernate.tool.schema.internal.SchemaDropperImpl.performDrop(SchemaDropperImpl.java:153)
	at org.hibernate.tool.schema.internal.SchemaDropperImpl.doDrop(SchemaDropperImpl.java:125)
	at org.hibernate.tool.schema.internal.SchemaDropperImpl.doDrop(SchemaDropperImpl.java:111)
	at org.hibernate.tool.schema.spi.SchemaManagementToolCoordinator.performDatabaseAction(SchemaManagementToolCoordinator.java:137)
	at org.hibernate.tool.schema.spi.SchemaManagementToolCoordinator.process(SchemaManagementToolCoordinator.java:64)
	at org.hibernate.internal.SessionFactoryImpl.<init>(SessionFactoryImpl.java:458)
	at org.hibernate.boot.internal.SessionFactoryBuilderImpl.build(SessionFactoryBuilderImpl.java:465)
	at org.hibernate.jpa.boot.internal.EntityManagerFactoryBuilderImpl.build(EntityManagerFactoryBuilderImpl.java:881)
	at org.hibernate.jpa.HibernatePersistenceProvider.createEntityManagerFactory(HibernatePersistenceProvider.java:58)
	at javax.persistence.Persistence.createEntityManagerFactory(Persistence.java:55)
	at javax.persistence.Persistence.createEntityManagerFactory(Persistence.java:39)
	at br.com.jkavdev.models.dpj.util.jpa.JpaUtil.geEntityManager(JpaUtil.java:19)
	at br.com.jkavdev.models.dpj.dao.jpa.JpaGenericDao.<init>(JpaGenericDao.java:17)
	at br.com.jkavdev.models.dpj.dao.jpa.JpaDelegaciaDao.<init>(JpaDelegaciaDao.java:8)
	at br.com.jkavdev.models.dpj.dao.InsertTest.setUp(InsertTest.java:28)
	at sun.reflect.NativeMethodAccessorImpl.invoke0(Native Method)
	at sun.reflect.NativeMethodAccessorImpl.invoke(Unknown Source)
	at sun.reflect.DelegatingMethodAccessorImpl.invoke(Unknown Source)
	at java.lang.reflect.Method.invoke(Unknown Source)
	at org.junit.runners.model.FrameworkMethod$1.runReflectiveCall(FrameworkMethod.java:50)
	at org.junit.internal.runners.model.ReflectiveCallable.run(ReflectiveCallable.java:12)
	at org.junit.runners.model.FrameworkMethod.invokeExplosively(FrameworkMethod.java:47)
	at org.junit.internal.runners.statements.RunBefores.evaluate(RunBefores.java:24)
	at org.junit.internal.runners.statements.RunAfters.evaluate(RunAfters.java:27)
	at org.junit.runners.ParentRunner.runLeaf(ParentRunner.java:325)
	at org.junit.runners.BlockJUnit4ClassRunner.runChild(BlockJUnit4ClassRunner.java:78)
	at org.junit.runners.BlockJUnit4ClassRunner.runChild(BlockJUnit4ClassRunner.java:57)
	at org.junit.runners.ParentRunner$3.run(ParentRunner.java:290)
	at org.junit.runners.ParentRunner$1.schedule(ParentRunner.java:71)
	at org.junit.runners.ParentRunner.runChildren(ParentRunner.java:288)
	at org.junit.runners.ParentRunner.access$000(ParentRunner.java:58)
	at org.junit.runners.ParentRunner$2.evaluate(ParentRunner.java:268)
	at org.junit.runners.ParentRunner.run(ParentRunner.java:363)
	at org.eclipse.jdt.internal.junit4.runner.JUnit4TestReference.run(JUnit4TestReference.java:86)
	at org.eclipse.jdt.internal.junit.runner.TestExecution.run(TestExecution.java:38)
	at org.eclipse.jdt.internal.junit.runner.RemoteTestRunner.runTests(RemoteTestRunner.java:459)
	at org.eclipse.jdt.internal.junit.runner.RemoteTestRunner.runTests(RemoteTestRunner.java:675)
	at org.eclipse.jdt.internal.junit.runner.RemoteTestRunner.run(RemoteTestRunner.java:382)
	at org.eclipse.jdt.internal.junit.runner.RemoteTestRunner.main(RemoteTestRunner.java:192)
Caused by: com.mysql.jdbc.exceptions.jdbc4.MySQLSyntaxErrorException: Can't DROP 'FKn7owo9qcmjptp94elahi6ryr6'; check that column/key exists
	at sun.reflect.NativeConstructorAccessorImpl.newInstance0(Native Method)
	at sun.reflect.NativeConstructorAccessorImpl.newInstance(Unknown Source)
	at sun.reflect.DelegatingConstructorAccessorImpl.newInstance(Unknown Source)
	at java.lang.reflect.Constructor.newInstance(Unknown Source)
	at com.mysql.jdbc.Util.handleNewInstance(Util.java:404)
	at com.mysql.jdbc.Util.getInstance(Util.java:387)
	at com.mysql.jdbc.SQLError.createSQLException(SQLError.java:939)
	at com.mysql.jdbc.MysqlIO.checkErrorPacket(MysqlIO.java:3878)
	at com.mysql.jdbc.MysqlIO.checkErrorPacket(MysqlIO.java:3814)
	at com.mysql.jdbc.MysqlIO.sendCommand(MysqlIO.java:2478)
	at com.mysql.jdbc.MysqlIO.sqlQueryDirect(MysqlIO.java:2625)
	at com.mysql.jdbc.ConnectionImpl.execSQL(ConnectionImpl.java:2547)
	at com.mysql.jdbc.ConnectionImpl.execSQL(ConnectionImpl.java:2505)
	at com.mysql.jdbc.StatementImpl.executeInternal(StatementImpl.java:840)
	at com.mysql.jdbc.StatementImpl.execute(StatementImpl.java:740)
	at org.hibernate.tool.schema.internal.exec.GenerationTargetToDatabase.accept(GenerationTargetToDatabase.java:51)
	... 43 more
27-06-2016 01:03:11,327; [main]; INFO ; org.hibernate.tool.schema.internal.SchemaCreatorImpl;  - HHH000476: Executing import script 'org.hibernate.tool.schema.internal.exec.ScriptSourceInputNonExistentImpl@64dafeed'
27-06-2016 01:03:13,051; [main]; INFO ; br.com.jkavdev.models.dpj.dao.InsertTest;  - objeto inserido: br.com.jkavdev.models.dpj.model.Delegacia@71104a4[
  tipoDelegacia=Operações especiais
  id=<null>
]
